<?xml version="1.0" encoding="utf-8"?><testsuites name="pytest tests"><testsuite name="pytest" errors="0" failures="0" skipped="0" tests="21" time="28.105" timestamp="2026-09-16T19:58:38.443516-06:00" hostname="DESKTOP-584VG8E"><testcase classname="revision-r4-ce4716f.servidor.ensayos_b3.test_ensayo_espejo" name="test_protocolo_viejo_pierde_la_transaccion_tardia" time="1.117" /><testcase classname="revision-r4-ce4716f.servidor.ensayos_b3.test_ensayo_espejo" name="test_protocolo_nuevo_converge_con_el_mismo_orden" time="1.231" /><testcase classname="revision-r4-ce4716f.servidor.ensayos_b3.test_ensayo_espejo" name="test_marca_de_transaccion_abortada_no_queda_pendiente" time="1.053" /><testcase classname="revision-r4-ce4716f.servidor.ensayos_b3.test_ensayo_espejo" name="test_caida_tras_escribir_y_antes_de_marcar" time="1.234" /><testcase classname="revision-r4-ce4716f.servidor.ensayos_b3.test_ensayo_espejo" name="test_caida_a_mitad_de_los_archivos" time="1.096" /><testcase classname="revision-r4-ce4716f.servidor.ensayos_b3.test_ensayo_espejo" name="test_fallo_al_persistir_el_marcador_en_disco" time="1.195" /><testcase classname="revision-r4-ce4716f.servidor.ensayos_b3.test_ensayo_rls" name="test_app_mutacion_mas_marca_en_una_transaccion" time="1.243" /><testcase classname="revision-r4-ce4716f.servidor.ensayos_b3.test_ensayo_rls" name="test_app_no_puede_auditar_a_nombre_de_otra_empresa" time="0.658" /><testcase classname="revision-r4-ce4716f.servidor.ensayos_b3.test_ensayo_rls" name="test_app_no_lee_outbox_ni_auditoria" time="0.684" /><testcase classname="revision-r4-ce4716f.servidor.ensayos_b3.test_ensayo_rls" name="test_app_controles_negativos_entre_empresas" time="0.723" /><testcase classname="revision-r4-ce4716f.servidor.ensayos_b3.test_ensayo_rls" name="test_app_reutilizacion_de_conexion_no_filtra_contexto" time="0.687" /><testcase classname="revision-r4-ce4716f.servidor.ensayos_b3.test_ensayo_rls" name="test_app_sesiones_y_login" time="0.719" /><testcase classname="revision-r4-ce4716f.servidor.ensayos_b3.test_ensayo_rls" name="test_app_no_puede_escalar" time="0.807" /><testcase classname="revision-r4-ce4716f.servidor.ensayos_b3.test_ensayo_rls" name="test_espejo_lee_todo_y_solo_escribe_su_estado" time="0.933" /><testcase classname="revision-r4-ce4716f.servidor.ensayos_b3.test_ensayo_rls" name="test_migracion_ve_todo_sin_contexto_y_respalda" time="4.341" /><testcase classname="revision-r4-ce4716f.servidor.ensayos_b3.test_ensayo_rls" name="test_por_que_no_force_rls" time="2.829" /><testcase classname="revision-r4-ce4716f.servidor.ensayos_b3.test_ensayo_rls" name="test_ninguna_tabla_sin_rls_ni_politica_para_app" time="0.876" /><testcase classname="revision-r4-ce4716f.servidor.ensayos_b3.test_ensayo_sesiones" name="test_reproduccion_del_hallazgo_con_la_copia_congelada" time="1.477" /><testcase classname="revision-r4-ce4716f.servidor.ensayos_b3.test_ensayo_sesiones" name="test_contrato_corregido_conserva_revocaciones" time="1.620" /><testcase classname="revision-r4-ce4716f.servidor.ensayos_b3.test_ensayo_sesiones" name="test_vencidas_y_usuario_inactivo_no_vuelven" time="1.353" /><testcase classname="revision-r4-ce4716f.servidor.ensayos_b3.test_ensayo_sesiones" name="test_regenerar_es_idempotente_y_nunca_agranda" time="1.349" /></testsuite></testsuites>