<?xml version="1.0" encoding="utf-8"?><testsuites name="pytest tests"><testsuite name="pytest" errors="0" failures="0" skipped="0" tests="21" time="15.613" timestamp="2026-09-16T19:58:06.416577-06:00" hostname="DESKTOP-584VG8E"><testcase classname="revision-r4-ce4716f.servidor.tests.test_b2_higiene" name="test_logins_simultaneos_no_pierden_sesiones" time="3.615" /><testcase classname="revision-r4-ce4716f.servidor.tests.test_b2_higiene" name="test_altas_de_usuario_simultaneas_no_se_pisan" time="0.712" /><testcase classname="revision-r4-ce4716f.servidor.tests.test_b2_higiene" name="test_marcas_de_giro_simultaneas_no_se_pierden" time="0.662" /><testcase classname="revision-r4-ce4716f.servidor.tests.test_b2_higiene" name="test_conexiones_simultaneas_no_se_rechazan" time="1.779" /><testcase classname="revision-r4-ce4716f.servidor.tests.test_b2_higiene" name="test_un_404_no_cuenta_como_reproduccion" time="0.663" /><testcase classname="revision-r4-ce4716f.servidor.tests.test_b2_higiene" name="test_una_descarga_real_si_cuenta_una_vez" time="0.903" /><testcase classname="revision-r4-ce4716f.servidor.tests.test_b2_higiene" name="test_dar_de_baja_una_pantalla_no_duplica_numeros" time="0.919" /><testcase classname="revision-r4-ce4716f.servidor.tests.test_b2_higiene" name="test_los_errores_quedan_en_bitacora" time="0.818" /><testcase classname="revision-r4-ce4716f.servidor.tests.test_b2_higiene" name="test_contrato_playlist_intacto" time="0.695" /><testcase classname="revision-r4-ce4716f.servidor.tests.test_b2_higiene" name="test_contrato_turno_intacto" time="0.707" /><testcase classname="revision-r4-ce4716f.servidor.tests.test_b2_higiene" name="test_head_de_medio_real_responde_como_get_sin_contar" time="0.693" /><testcase classname="revision-r4-ce4716f.servidor.tests.test_b2_higiene" name="test_head_de_medio_inexistente_es_404_sin_contar" time="0.677" /><testcase classname="revision-r4-ce4716f.servidor.tests.test_b2_higiene" name="test_head_de_miniatura_y_rapido" time="0.678" /><testcase classname="revision-r4-ce4716f.servidor.tests.test_inventario_decisiones" name="test_directorio_inexistente_no_produce_inventario" time="0.105" /><testcase classname="revision-r4-ce4716f.servidor.tests.test_inventario_decisiones" name="test_falta_un_archivo_obligatorio" time="0.103" /><testcase classname="revision-r4-ce4716f.servidor.tests.test_inventario_decisiones" name="test_json_invalido" time="0.089" /><testcase classname="revision-r4-ce4716f.servidor.tests.test_inventario_decisiones" name="test_esquema_incorrecto" time="0.265" /><testcase classname="revision-r4-ce4716f.servidor.tests.test_inventario_decisiones" name="test_vacio_valido_se_distingue_de_faltante" time="0.088" /><testcase classname="revision-r4-ce4716f.servidor.tests.test_inventario_decisiones" name="test_alias_unicos_y_propuesta_distinguible" time="0.126" /><testcase classname="revision-r4-ce4716f.servidor.tests.test_inventario_decisiones" name="test_d2_marca_los_casos_qa_f01" time="0.098" /><testcase classname="revision-r4-ce4716f.servidor.tests.test_inventario_decisiones" name="test_no_muestra_credenciales_ni_modifica_archivos" time="0.094" /></testsuite></testsuites>