<?xml version="1.0" encoding="utf-8"?><testsuites name="pytest tests"><testsuite name="pytest" errors="0" failures="0" skipped="0" tests="39" time="47.589" timestamp="2026-09-19T01:41:33.137930-06:00" hostname="DESKTOP-584VG8E"><testcase classname="revision-r5-1f7782e.servidor.ensayos_b3.test_ensayo_cola" name="test_rev3_el_nombre_compartido_pierde_el_resultado" time="1.763" /><testcase classname="revision-r5-1f7782e.servidor.ensayos_b3.test_ensayo_cola" name="test_rev4_a_vencido_b_publicado_a_descartado" time="1.003" /><testcase classname="revision-r5-1f7782e.servidor.ensayos_b3.test_ensayo_cola" name="test_rev4_caida_tras_escribir_antes_del_update" time="0.849" /><testcase classname="revision-r5-1f7782e.servidor.ensayos_b3.test_ensayo_cola" name="test_rev4_reintento_de_la_misma_posesion_es_idempotente" time="0.871" /><testcase classname="revision-r5-1f7782e.servidor.ensayos_b3.test_ensayo_cola" name="test_cancelar_en_curso_hace_perder_la_posesion" time="0.871" /><testcase classname="revision-r5-1f7782e.servidor.ensayos_b3.test_ensayo_espejo" name="test_protocolo_viejo_pierde_la_transaccion_tardia" time="0.920" /><testcase classname="revision-r5-1f7782e.servidor.ensayos_b3.test_ensayo_espejo" name="test_protocolo_nuevo_converge_con_el_mismo_orden" time="1.624" /><testcase classname="revision-r5-1f7782e.servidor.ensayos_b3.test_ensayo_espejo" name="test_marca_de_transaccion_abortada_no_queda_pendiente" time="0.911" /><testcase classname="revision-r5-1f7782e.servidor.ensayos_b3.test_ensayo_espejo" name="test_caida_tras_escribir_y_antes_de_marcar" time="1.338" /><testcase classname="revision-r5-1f7782e.servidor.ensayos_b3.test_ensayo_espejo" name="test_caida_a_mitad_de_los_archivos" time="1.291" /><testcase classname="revision-r5-1f7782e.servidor.ensayos_b3.test_ensayo_espejo" name="test_fallo_al_persistir_el_marcador_en_disco" time="0.971" /><testcase classname="revision-r5-1f7782e.servidor.ensayos_b3.test_ensayo_rls" name="test_app_mutacion_mas_marca_en_una_transaccion" time="0.754" /><testcase classname="revision-r5-1f7782e.servidor.ensayos_b3.test_ensayo_rls" name="test_app_no_puede_auditar_a_nombre_de_otra_empresa" time="0.791" /><testcase classname="revision-r5-1f7782e.servidor.ensayos_b3.test_ensayo_rls" name="test_app_no_lee_outbox_ni_auditoria" time="0.782" /><testcase classname="revision-r5-1f7782e.servidor.ensayos_b3.test_ensayo_rls" name="test_app_controles_negativos_entre_empresas" time="0.727" /><testcase classname="revision-r5-1f7782e.servidor.ensayos_b3.test_ensayo_rls" name="test_app_reutilizacion_de_conexion_no_filtra_contexto" time="0.682" /><testcase classname="revision-r5-1f7782e.servidor.ensayos_b3.test_ensayo_rls" name="test_app_sesiones_y_login" time="0.826" /><testcase classname="revision-r5-1f7782e.servidor.ensayos_b3.test_ensayo_rls" name="test_sesion_migrada_con_membresia_valida_resuelve_la_heredada" time="0.832" /><testcase classname="revision-r5-1f7782e.servidor.ensayos_b3.test_ensayo_rls" name="test_sesion_migrada_sin_membresia_es_401" time="0.996" /><testcase classname="revision-r5-1f7782e.servidor.ensayos_b3.test_ensayo_rls" name="test_sesion_migrada_con_membresia_en_otra_empresa_es_401" time="0.680" /><testcase classname="revision-r5-1f7782e.servidor.ensayos_b3.test_ensayo_rls" name="test_sesion_revocada_o_vencida_no_resuelve" time="0.805" /><testcase classname="revision-r5-1f7782e.servidor.ensayos_b3.test_ensayo_rls" name="test_sesion_nueva_con_empresa_no_consulta_la_heredada" time="0.706" /><testcase classname="revision-r5-1f7782e.servidor.ensayos_b3.test_ensayo_rls" name="test_latido_sin_sesion_ve_solo_la_heredada" time="0.657" /><testcase classname="revision-r5-1f7782e.servidor.ensayos_b3.test_ensayo_rls" name="test_app_no_puede_escalar" time="0.663" /><testcase classname="revision-r5-1f7782e.servidor.ensayos_b3.test_ensayo_rls" name="test_espejo_lee_todo_y_solo_escribe_su_estado" time="0.666" /><testcase classname="revision-r5-1f7782e.servidor.ensayos_b3.test_ensayo_rls" name="test_migracion_ve_todo_sin_contexto_y_respalda" time="2.733" /><testcase classname="revision-r5-1f7782e.servidor.ensayos_b3.test_ensayo_rls" name="test_por_que_no_force_rls" time="1.516" /><testcase classname="revision-r5-1f7782e.servidor.ensayos_b3.test_ensayo_rls" name="test_guardian_de_catalogo_limpio" time="0.808" /><testcase classname="revision-r5-1f7782e.servidor.ensayos_b3.test_ensayo_rls" name="test_guardian_detecta_tabla_de_otro_propietario" time="1.038" /><testcase classname="revision-r5-1f7782e.servidor.ensayos_b3.test_ensayo_rls" name="test_guardian_detecta_tabla_sin_rls_y_grant_sin_politica" time="0.904" /><testcase classname="revision-r5-1f7782e.servidor.ensayos_b3.test_ensayo_sesiones" name="test_reproduccion_del_hallazgo_con_la_copia_congelada" time="1.334" /><testcase classname="revision-r5-1f7782e.servidor.ensayos_b3.test_ensayo_sesiones" name="test_contrato_corregido_conserva_revocaciones" time="1.611" /><testcase classname="revision-r5-1f7782e.servidor.ensayos_b3.test_ensayo_sesiones" name="test_vencidas_y_usuario_inactivo_no_vuelven" time="1.263" /><testcase classname="revision-r5-1f7782e.servidor.ensayos_b3.test_ensayo_sesiones" name="test_regenerar_es_idempotente_y_nunca_agranda" time="1.248" /><testcase classname="revision-r5-1f7782e.servidor.ensayos_b3.test_ensayo_sesiones" name="test_reproduccion_r3_02_el_ultimo_espejo_resucita_una_revocacion_posterior" time="1.528" /><testcase classname="revision-r5-1f7782e.servidor.ensayos_b3.test_ensayo_sesiones" name="test_revertir_bloquea_sin_postgresql_y_no_usa_el_ultimo_espejo" time="3.452" /><testcase classname="revision-r5-1f7782e.servidor.ensayos_b3.test_ensayo_sesiones" name="test_revertir_en_emergencia_cierra_todas_las_sesiones" time="3.644" /><testcase classname="revision-r5-1f7782e.servidor.ensayos_b3.test_ensayo_sesiones" name="test_revertir_normal_usa_el_estado_final_no_el_ultimo_espejo" time="1.629" /><testcase classname="revision-r5-1f7782e.servidor.ensayos_b3.test_ensayo_sesiones" name="test_drenaje_espera_y_cancela_transacciones_de_app_en_vuelo" time="1.180" /></testsuite></testsuites>