<?xml version="1.0" encoding="utf-8"?><testsuites name="pytest tests"><testsuite name="pytest" errors="0" failures="0" skipped="0" tests="26" time="14.123" timestamp="2026-09-19T01:41:10.191182-06:00" hostname="DESKTOP-584VG8E"><testcase classname="revision-r5-1f7782e.servidor.tests.test_b2_higiene" name="test_logins_simultaneos_no_pierden_sesiones" time="1.183" /><testcase classname="revision-r5-1f7782e.servidor.tests.test_b2_higiene" name="test_altas_de_usuario_simultaneas_no_se_pisan" time="0.690" /><testcase classname="revision-r5-1f7782e.servidor.tests.test_b2_higiene" name="test_marcas_de_giro_simultaneas_no_se_pierden" time="0.624" /><testcase classname="revision-r5-1f7782e.servidor.tests.test_b2_higiene" name="test_conexiones_simultaneas_no_se_rechazan" time="1.201" /><testcase classname="revision-r5-1f7782e.servidor.tests.test_b2_higiene" name="test_un_404_no_cuenta_como_reproduccion" time="0.625" /><testcase classname="revision-r5-1f7782e.servidor.tests.test_b2_higiene" name="test_una_descarga_real_si_cuenta_una_vez" time="0.648" /><testcase classname="revision-r5-1f7782e.servidor.tests.test_b2_higiene" name="test_dar_de_baja_una_pantalla_no_duplica_numeros" time="0.970" /><testcase classname="revision-r5-1f7782e.servidor.tests.test_b2_higiene" name="test_los_errores_quedan_en_bitacora" time="0.622" /><testcase classname="revision-r5-1f7782e.servidor.tests.test_b2_higiene" name="test_contrato_playlist_intacto" time="0.689" /><testcase classname="revision-r5-1f7782e.servidor.tests.test_b2_higiene" name="test_contrato_turno_intacto" time="0.654" /><testcase classname="revision-r5-1f7782e.servidor.tests.test_b2_higiene" name="test_head_de_medio_real_responde_como_get_sin_contar" time="0.628" /><testcase classname="revision-r5-1f7782e.servidor.tests.test_b2_higiene" name="test_head_de_medio_inexistente_es_404_sin_contar" time="0.626" /><testcase classname="revision-r5-1f7782e.servidor.tests.test_b2_higiene" name="test_head_de_miniatura_y_rapido" time="0.659" /><testcase classname="revision-r5-1f7782e.servidor.tests.test_b5a_estado" name="test_latido_sin_parametros_no_crea_estado" time="0.626" /><testcase classname="revision-r5-1f7782e.servidor.tests.test_b5a_estado" name="test_latido_con_estado_lo_guarda_con_topes_y_lo_expone" time="0.675" /><testcase classname="revision-r5-1f7782e.servidor.tests.test_b5a_estado" name="test_el_estado_se_reemplaza_en_cada_latido" time="0.627" /><testcase classname="revision-r5-1f7782e.servidor.tests.test_b5a_estado" name="test_comandos_recargar_y_vaciar_cache_viajan_en_la_playlist" time="0.718" /><testcase classname="revision-r5-1f7782e.servidor.tests.test_b5a_estado" name="test_contrato_playlist_igual_con_o_sin_estado" time="0.700" /><testcase classname="revision-r5-1f7782e.servidor.tests.test_inventario_decisiones" name="test_directorio_inexistente_no_produce_inventario" time="0.081" /><testcase classname="revision-r5-1f7782e.servidor.tests.test_inventario_decisiones" name="test_falta_un_archivo_obligatorio" time="0.079" /><testcase classname="revision-r5-1f7782e.servidor.tests.test_inventario_decisiones" name="test_json_invalido" time="0.077" /><testcase classname="revision-r5-1f7782e.servidor.tests.test_inventario_decisiones" name="test_esquema_incorrecto" time="0.205" /><testcase classname="revision-r5-1f7782e.servidor.tests.test_inventario_decisiones" name="test_vacio_valido_se_distingue_de_faltante" time="0.070" /><testcase classname="revision-r5-1f7782e.servidor.tests.test_inventario_decisiones" name="test_alias_unicos_y_propuesta_distinguible" time="0.074" /><testcase classname="revision-r5-1f7782e.servidor.tests.test_inventario_decisiones" name="test_d2_marca_los_casos_qa_f01" time="0.071" /><testcase classname="revision-r5-1f7782e.servidor.tests.test_inventario_decisiones" name="test_no_muestra_credenciales_ni_modifica_archivos" time="0.072" /></testsuite></testsuites>