<?xml version="1.0" encoding="utf-8"?><testsuites name="pytest tests"><testsuite name="pytest" errors="0" failures="0" skipped="0" tests="28" time="16.054" timestamp="2026-09-19T02:31:45.993447-06:00" hostname="DESKTOP-584VG8E"><testcase classname="revision-r6-3a1eaf9.servidor.tests.test_b2_higiene" name="test_logins_simultaneos_no_pierden_sesiones" time="1.519" /><testcase classname="revision-r6-3a1eaf9.servidor.tests.test_b2_higiene" name="test_altas_de_usuario_simultaneas_no_se_pisan" time="0.668" /><testcase classname="revision-r6-3a1eaf9.servidor.tests.test_b2_higiene" name="test_marcas_de_giro_simultaneas_no_se_pierden" time="0.633" /><testcase classname="revision-r6-3a1eaf9.servidor.tests.test_b2_higiene" name="test_conexiones_simultaneas_no_se_rechazan" time="1.219" /><testcase classname="revision-r6-3a1eaf9.servidor.tests.test_b2_higiene" name="test_un_404_no_cuenta_como_reproduccion" time="0.663" /><testcase classname="revision-r6-3a1eaf9.servidor.tests.test_b2_higiene" name="test_una_descarga_real_si_cuenta_una_vez" time="0.649" /><testcase classname="revision-r6-3a1eaf9.servidor.tests.test_b2_higiene" name="test_dar_de_baja_una_pantalla_no_duplica_numeros" time="0.885" /><testcase classname="revision-r6-3a1eaf9.servidor.tests.test_b2_higiene" name="test_los_errores_quedan_en_bitacora" time="0.618" /><testcase classname="revision-r6-3a1eaf9.servidor.tests.test_b2_higiene" name="test_contrato_playlist_intacto" time="0.661" /><testcase classname="revision-r6-3a1eaf9.servidor.tests.test_b2_higiene" name="test_contrato_turno_intacto" time="0.645" /><testcase classname="revision-r6-3a1eaf9.servidor.tests.test_b2_higiene" name="test_head_de_medio_real_responde_como_get_sin_contar" time="0.646" /><testcase classname="revision-r6-3a1eaf9.servidor.tests.test_b2_higiene" name="test_head_de_medio_inexistente_es_404_sin_contar" time="0.618" /><testcase classname="revision-r6-3a1eaf9.servidor.tests.test_b2_higiene" name="test_head_de_miniatura_y_rapido" time="0.692" /><testcase classname="revision-r6-3a1eaf9.servidor.tests.test_b5a_estado" name="test_latido_sin_parametros_no_crea_estado" time="0.646" /><testcase classname="revision-r6-3a1eaf9.servidor.tests.test_b5a_estado" name="test_latido_con_estado_lo_guarda_con_topes_y_lo_expone" time="0.677" /><testcase classname="revision-r6-3a1eaf9.servidor.tests.test_b5a_estado" name="test_el_estado_se_reemplaza_en_cada_latido" time="0.674" /><testcase classname="revision-r6-3a1eaf9.servidor.tests.test_b5a_estado" name="test_comandos_recargar_y_vaciar_cache_viajan_en_la_playlist" time="0.752" /><testcase classname="revision-r6-3a1eaf9.servidor.tests.test_b5a_estado" name="test_contrato_playlist_igual_con_o_sin_estado" time="0.706" /><testcase classname="revision-r6-3a1eaf9.servidor.tests.test_b5a_estado" name="test_operador_no_puede_recargar_ni_vaciar_cache" time="0.829" /><testcase classname="revision-r6-3a1eaf9.servidor.tests.test_b5a_estado" name="test_operador_de_otra_sucursal_sigue_sin_poder_mandar_comandos" time="0.795" /><testcase classname="revision-r6-3a1eaf9.servidor.tests.test_inventario_decisiones" name="test_directorio_inexistente_no_produce_inventario" time="0.070" /><testcase classname="revision-r6-3a1eaf9.servidor.tests.test_inventario_decisiones" name="test_falta_un_archivo_obligatorio" time="0.078" /><testcase classname="revision-r6-3a1eaf9.servidor.tests.test_inventario_decisiones" name="test_json_invalido" time="0.072" /><testcase classname="revision-r6-3a1eaf9.servidor.tests.test_inventario_decisiones" name="test_esquema_incorrecto" time="0.212" /><testcase classname="revision-r6-3a1eaf9.servidor.tests.test_inventario_decisiones" name="test_vacio_valido_se_distingue_de_faltante" time="0.071" /><testcase classname="revision-r6-3a1eaf9.servidor.tests.test_inventario_decisiones" name="test_alias_unicos_y_propuesta_distinguible" time="0.073" /><testcase classname="revision-r6-3a1eaf9.servidor.tests.test_inventario_decisiones" name="test_d2_marca_los_casos_qa_f01" time="0.073" /><testcase classname="revision-r6-3a1eaf9.servidor.tests.test_inventario_decisiones" name="test_no_muestra_credenciales_ni_modifica_archivos" time="0.069" /></testsuite></testsuites>