<?xml version="1.0" encoding="utf-8"?><testsuites name="pytest tests"><testsuite name="pytest" errors="0" failures="0" skipped="0" tests="55" time="64.339" timestamp="2026-09-19T03:34:50.548611-06:00" hostname="DESKTOP-584VG8E"><testcase classname="revision-r8-050cc2d.servidor.ensayos_b3.test_ensayo_cola" name="test_rev3_el_nombre_compartido_pierde_el_resultado" time="1.155" /><testcase classname="revision-r8-050cc2d.servidor.ensayos_b3.test_ensayo_cola" name="test_rev4_a_vencido_b_publicado_a_descartado" time="1.031" /><testcase classname="revision-r8-050cc2d.servidor.ensayos_b3.test_ensayo_cola" name="test_rev4_caida_tras_escribir_antes_del_update" time="1.102" /><testcase classname="revision-r8-050cc2d.servidor.ensayos_b3.test_ensayo_cola" name="test_reproduccion_r4_02_el_contrato_viejo_borraba_lo_publicado" time="0.897" /><testcase classname="revision-r8-050cc2d.servidor.ensayos_b3.test_ensayo_cola" name="test_rev5_reintento_de_la_misma_posesion_es_exito_idempotente" time="1.145" /><testcase classname="revision-r8-050cc2d.servidor.ensayos_b3.test_ensayo_cola" name="test_rev5_reintento_tras_perder_la_posesion_sigue_descartando_lo_propio" time="1.090" /><testcase classname="revision-r8-050cc2d.servidor.ensayos_b3.test_ensayo_cola" name="test_cancelar_en_curso_hace_perder_la_posesion" time="0.830" /><testcase classname="revision-r8-050cc2d.servidor.ensayos_b3.test_ensayo_destinos" name="test_reproduccion_rev6_permite_cruzar_sucursales" time="0.834" /><testcase classname="revision-r8-050cc2d.servidor.ensayos_b3.test_ensayo_destinos" name="test_rev7_rechaza_todos_los_cruces_y_acepta_lo_correcto" time="0.764" /><testcase classname="revision-r8-050cc2d.servidor.ensayos_b3.test_ensayo_destinos" name="test_mover_pantalla_de_sucursal_la_saca_de_grupos_y_destinos" time="1.055" /><testcase classname="revision-r8-050cc2d.servidor.ensayos_b3.test_ensayo_destinos" name="test_confirmacion_de_entrega_es_el_par_lista_version" time="0.945" /><testcase classname="revision-r8-050cc2d.servidor.ensayos_b3.test_ensayo_espejo" name="test_protocolo_viejo_pierde_la_transaccion_tardia" time="0.999" /><testcase classname="revision-r8-050cc2d.servidor.ensayos_b3.test_ensayo_espejo" name="test_protocolo_nuevo_converge_con_el_mismo_orden" time="1.510" /><testcase classname="revision-r8-050cc2d.servidor.ensayos_b3.test_ensayo_espejo" name="test_marca_de_transaccion_abortada_no_queda_pendiente" time="0.962" /><testcase classname="revision-r8-050cc2d.servidor.ensayos_b3.test_ensayo_espejo" name="test_caida_tras_escribir_y_antes_de_marcar" time="1.095" /><testcase classname="revision-r8-050cc2d.servidor.ensayos_b3.test_ensayo_espejo" name="test_caida_a_mitad_de_los_archivos" time="1.289" /><testcase classname="revision-r8-050cc2d.servidor.ensayos_b3.test_ensayo_espejo" name="test_fallo_al_persistir_el_marcador_en_disco" time="1.131" /><testcase classname="revision-r8-050cc2d.servidor.ensayos_b3.test_ensayo_rls" name="test_app_mutacion_mas_marca_en_una_transaccion" time="0.797" /><testcase classname="revision-r8-050cc2d.servidor.ensayos_b3.test_ensayo_rls" name="test_app_no_puede_auditar_a_nombre_de_otra_empresa" time="0.660" /><testcase classname="revision-r8-050cc2d.servidor.ensayos_b3.test_ensayo_rls" name="test_app_no_lee_outbox_ni_auditoria" time="0.680" /><testcase classname="revision-r8-050cc2d.servidor.ensayos_b3.test_ensayo_rls" name="test_app_controles_negativos_entre_empresas" time="0.725" /><testcase classname="revision-r8-050cc2d.servidor.ensayos_b3.test_ensayo_rls" name="test_app_reutilizacion_de_conexion_no_filtra_contexto" time="0.961" /><testcase classname="revision-r8-050cc2d.servidor.ensayos_b3.test_ensayo_rls" name="test_app_sesiones_y_login" time="0.705" /><testcase classname="revision-r8-050cc2d.servidor.ensayos_b3.test_ensayo_rls" name="test_sesion_migrada_con_membresia_valida_resuelve_la_heredada" time="1.014" /><testcase classname="revision-r8-050cc2d.servidor.ensayos_b3.test_ensayo_rls" name="test_sesion_migrada_sin_membresia_es_401" time="0.995" /><testcase classname="revision-r8-050cc2d.servidor.ensayos_b3.test_ensayo_rls" name="test_sesion_migrada_con_membresia_en_otra_empresa_es_401" time="0.781" /><testcase classname="revision-r8-050cc2d.servidor.ensayos_b3.test_ensayo_rls" name="test_sesion_revocada_o_vencida_no_resuelve" time="0.851" /><testcase classname="revision-r8-050cc2d.servidor.ensayos_b3.test_ensayo_rls" name="test_sesion_nueva_con_empresa_no_consulta_la_heredada" time="0.660" /><testcase classname="revision-r8-050cc2d.servidor.ensayos_b3.test_ensayo_rls" name="test_latido_sin_sesion_ve_solo_la_heredada" time="0.710" /><testcase classname="revision-r8-050cc2d.servidor.ensayos_b3.test_ensayo_rls" name="test_app_no_puede_escalar" time="0.669" /><testcase classname="revision-r8-050cc2d.servidor.ensayos_b3.test_ensayo_rls" name="test_espejo_lee_todo_y_solo_escribe_su_estado" time="0.693" /><testcase classname="revision-r8-050cc2d.servidor.ensayos_b3.test_ensayo_rls" name="test_migracion_ve_todo_sin_contexto_y_respalda" time="2.464" /><testcase classname="revision-r8-050cc2d.servidor.ensayos_b3.test_ensayo_rls" name="test_por_que_no_force_rls" time="1.220" /><testcase classname="revision-r8-050cc2d.servidor.ensayos_b3.test_ensayo_rls" name="test_guardian_de_catalogo_limpio" time="0.625" /><testcase classname="revision-r8-050cc2d.servidor.ensayos_b3.test_ensayo_rls" name="test_guardian_detecta_tabla_de_otro_propietario" time="0.845" /><testcase classname="revision-r8-050cc2d.servidor.ensayos_b3.test_ensayo_rls" name="test_guardian_detecta_tabla_sin_rls_y_grant_sin_politica" time="0.802" /><testcase classname="revision-r8-050cc2d.servidor.ensayos_b3.test_ensayo_sesiones" name="test_reproduccion_del_hallazgo_con_la_copia_congelada" time="1.318" /><testcase classname="revision-r8-050cc2d.servidor.ensayos_b3.test_ensayo_sesiones" name="test_contrato_corregido_conserva_revocaciones" time="1.658" /><testcase classname="revision-r8-050cc2d.servidor.ensayos_b3.test_ensayo_sesiones" name="test_vencidas_y_usuario_inactivo_no_vuelven" time="1.278" /><testcase classname="revision-r8-050cc2d.servidor.ensayos_b3.test_ensayo_sesiones" name="test_regenerar_es_idempotente_y_nunca_agranda" time="1.368" /><testcase classname="revision-r8-050cc2d.servidor.ensayos_b3.test_ensayo_sesiones" name="test_reproduccion_r3_02_el_ultimo_espejo_resucita_una_revocacion_posterior" time="2.076" /><testcase classname="revision-r8-050cc2d.servidor.ensayos_b3.test_ensayo_sesiones" name="test_revertir_bloquea_sin_postgresql_y_no_usa_el_ultimo_espejo" time="3.475" /><testcase classname="revision-r8-050cc2d.servidor.ensayos_b3.test_ensayo_sesiones" name="test_revertir_en_emergencia_cierra_todas_las_sesiones" time="3.658" /><testcase classname="revision-r8-050cc2d.servidor.ensayos_b3.test_ensayo_sesiones" name="test_revertir_normal_usa_el_estado_final_no_el_ultimo_espejo" time="1.697" /><testcase classname="revision-r8-050cc2d.servidor.ensayos_b3.test_ensayo_sesiones" name="test_reproduccion_r4_01_cancelar_no_impide_el_commit_tardio" time="0.941" /><testcase classname="revision-r8-050cc2d.servidor.ensayos_b3.test_ensayo_sesiones" name="test_drenaje_termina_idle_in_transaction_y_el_commit_tardio_falla" time="1.242" /><testcase classname="revision-r8-050cc2d.servidor.ensayos_b3.test_ensayo_sesiones" name="test_drenaje_termina_una_consulta_activa" time="1.440" /><testcase classname="revision-r8-050cc2d.servidor.ensayos_b3.test_ensayo_sesiones" name="test_drenaje_cierra_la_entrada_a_nuevos_escritores" time="0.871" /><testcase classname="revision-r8-050cc2d.servidor.ensayos_b3.test_ensayo_sesiones" name="test_drenaje_espera_a_una_transaccion_que_confirma_a_tiempo" time="1.127" /><testcase classname="revision-r8-050cc2d.servidor.ensayos_b3.test_ensayo_sesiones" name="test_revertir_se_bloquea_si_el_drenaje_no_puede_completarse" time="1.269" /><testcase classname="revision-r8-050cc2d.servidor.ensayos_b3.test_ensayo_sesiones" name="test_reproduccion_r4_01b_idle_preexistente_podia_escribir_despues" time="1.032" /><testcase classname="revision-r8-050cc2d.servidor.ensayos_b3.test_ensayo_sesiones" name="test_drenaje_termina_tambien_las_sesiones_idle" time="0.947" /><testcase classname="revision-r8-050cc2d.servidor.ensayos_b3.test_ensayo_sesiones" name="test_peticion_admitida_antes_de_la_barrera_que_empieza_su_sql_despues" time="0.829" /><testcase classname="revision-r8-050cc2d.servidor.ensayos_b3.test_ensayo_sesiones" name="test_drenaje_no_toca_otros_roles" time="0.846" /><testcase classname="revision-r8-050cc2d.servidor.ensayos_b3.test_ensayo_sesiones" name="test_drenaje_no_toca_sesiones_de_lumin_app_en_otras_bases" time="2.120" /></testsuite></testsuites>