<?xml version="1.0" encoding="utf-8"?><testsuites name="pytest tests"><testsuite name="pytest" errors="0" failures="0" skipped="0" tests="61" time="57.598" timestamp="2026-09-19T03:57:11.896319-06:00" hostname="DESKTOP-584VG8E"><testcase classname="revision-r9-14f0bc5.candidato.servidor.ensayos_b3.test_ensayo_cola" name="test_rev3_el_nombre_compartido_pierde_el_resultado" time="1.088" /><testcase classname="revision-r9-14f0bc5.candidato.servidor.ensayos_b3.test_ensayo_cola" name="test_rev4_a_vencido_b_publicado_a_descartado" time="0.839" /><testcase classname="revision-r9-14f0bc5.candidato.servidor.ensayos_b3.test_ensayo_cola" name="test_rev4_caida_tras_escribir_antes_del_update" time="0.835" /><testcase classname="revision-r9-14f0bc5.candidato.servidor.ensayos_b3.test_ensayo_cola" name="test_reproduccion_r4_02_el_contrato_viejo_borraba_lo_publicado" time="0.981" /><testcase classname="revision-r9-14f0bc5.candidato.servidor.ensayos_b3.test_ensayo_cola" name="test_rev5_reintento_de_la_misma_posesion_es_exito_idempotente" time="0.744" /><testcase classname="revision-r9-14f0bc5.candidato.servidor.ensayos_b3.test_ensayo_cola" name="test_rev5_reintento_tras_perder_la_posesion_sigue_descartando_lo_propio" time="0.808" /><testcase classname="revision-r9-14f0bc5.candidato.servidor.ensayos_b3.test_ensayo_cola" name="test_cancelar_en_curso_hace_perder_la_posesion" time="0.600" /><testcase classname="revision-r9-14f0bc5.candidato.servidor.ensayos_b3.test_ensayo_destinos" name="test_reproduccion_rev6_permite_cruzar_sucursales" time="0.863" /><testcase classname="revision-r9-14f0bc5.candidato.servidor.ensayos_b3.test_ensayo_destinos" name="test_rev7_rechaza_todos_los_cruces_y_acepta_lo_correcto" time="0.693" /><testcase classname="revision-r9-14f0bc5.candidato.servidor.ensayos_b3.test_ensayo_destinos" name="test_mover_pantalla_de_sucursal_exige_limpiar_grupos_y_destinos" time="0.605" /><testcase classname="revision-r9-14f0bc5.candidato.servidor.ensayos_b3.test_ensayo_destinos" name="test_confirmacion_de_entrega_es_el_par_lista_version" time="0.579" /><testcase classname="revision-r9-14f0bc5.candidato.servidor.ensayos_b3.test_ensayo_destinos" name="test_reproduccion_rev7_par_no_distingue_asignaciones_sucesivas" time="0.760" /><testcase classname="revision-r9-14f0bc5.candidato.servidor.ensayos_b3.test_ensayo_destinos" name="test_rev8_entregas_numeradas_distinguen_asignaciones_sucesivas" time="0.797" /><testcase classname="revision-r9-14f0bc5.candidato.servidor.ensayos_b3.test_ensayo_destinos" name="test_reproduccion_rev7_confirma_version_de_otra_empresa" time="0.708" /><testcase classname="revision-r9-14f0bc5.candidato.servidor.ensayos_b3.test_ensayo_destinos" name="test_rev8_historial_y_entregas_por_empresa" time="0.674" /><testcase classname="revision-r9-14f0bc5.candidato.servidor.ensayos_b3.test_ensayo_destinos" name="test_rev8_historial_y_entregas_como_lumin_app" time="0.727" /><testcase classname="revision-r9-14f0bc5.candidato.servidor.ensayos_b3.test_ensayo_destinos" name="test_mover_pantalla_es_una_transaccion_que_revierte_entera" time="0.731" /><testcase classname="revision-r9-14f0bc5.candidato.servidor.ensayos_b3.test_ensayo_espejo" name="test_protocolo_viejo_pierde_la_transaccion_tardia" time="0.785" /><testcase classname="revision-r9-14f0bc5.candidato.servidor.ensayos_b3.test_ensayo_espejo" name="test_protocolo_nuevo_converge_con_el_mismo_orden" time="1.106" /><testcase classname="revision-r9-14f0bc5.candidato.servidor.ensayos_b3.test_ensayo_espejo" name="test_marca_de_transaccion_abortada_no_queda_pendiente" time="0.782" /><testcase classname="revision-r9-14f0bc5.candidato.servidor.ensayos_b3.test_ensayo_espejo" name="test_caida_tras_escribir_y_antes_de_marcar" time="1.038" /><testcase classname="revision-r9-14f0bc5.candidato.servidor.ensayos_b3.test_ensayo_espejo" name="test_caida_a_mitad_de_los_archivos" time="0.959" /><testcase classname="revision-r9-14f0bc5.candidato.servidor.ensayos_b3.test_ensayo_espejo" name="test_fallo_al_persistir_el_marcador_en_disco" time="1.519" /><testcase classname="revision-r9-14f0bc5.candidato.servidor.ensayos_b3.test_ensayo_rls" name="test_app_mutacion_mas_marca_en_una_transaccion" time="0.844" /><testcase classname="revision-r9-14f0bc5.candidato.servidor.ensayos_b3.test_ensayo_rls" name="test_app_no_puede_auditar_a_nombre_de_otra_empresa" time="0.590" /><testcase classname="revision-r9-14f0bc5.candidato.servidor.ensayos_b3.test_ensayo_rls" name="test_app_no_lee_outbox_ni_auditoria" time="0.593" /><testcase classname="revision-r9-14f0bc5.candidato.servidor.ensayos_b3.test_ensayo_rls" name="test_app_controles_negativos_entre_empresas" time="0.756" /><testcase classname="revision-r9-14f0bc5.candidato.servidor.ensayos_b3.test_ensayo_rls" name="test_app_reutilizacion_de_conexion_no_filtra_contexto" time="0.668" /><testcase classname="revision-r9-14f0bc5.candidato.servidor.ensayos_b3.test_ensayo_rls" name="test_app_sesiones_y_login" time="0.682" /><testcase classname="revision-r9-14f0bc5.candidato.servidor.ensayos_b3.test_ensayo_rls" name="test_sesion_migrada_con_membresia_valida_resuelve_la_heredada" time="0.735" /><testcase classname="revision-r9-14f0bc5.candidato.servidor.ensayos_b3.test_ensayo_rls" name="test_sesion_migrada_sin_membresia_es_401" time="0.567" /><testcase classname="revision-r9-14f0bc5.candidato.servidor.ensayos_b3.test_ensayo_rls" name="test_sesion_migrada_con_membresia_en_otra_empresa_es_401" time="0.657" /><testcase classname="revision-r9-14f0bc5.candidato.servidor.ensayos_b3.test_ensayo_rls" name="test_sesion_revocada_o_vencida_no_resuelve" time="0.658" /><testcase classname="revision-r9-14f0bc5.candidato.servidor.ensayos_b3.test_ensayo_rls" name="test_sesion_nueva_con_empresa_no_consulta_la_heredada" time="0.552" /><testcase classname="revision-r9-14f0bc5.candidato.servidor.ensayos_b3.test_ensayo_rls" name="test_latido_sin_sesion_ve_solo_la_heredada" time="0.594" /><testcase classname="revision-r9-14f0bc5.candidato.servidor.ensayos_b3.test_ensayo_rls" name="test_app_no_puede_escalar" time="0.483" /><testcase classname="revision-r9-14f0bc5.candidato.servidor.ensayos_b3.test_ensayo_rls" name="test_espejo_lee_todo_y_solo_escribe_su_estado" time="0.548" /><testcase classname="revision-r9-14f0bc5.candidato.servidor.ensayos_b3.test_ensayo_rls" name="test_migracion_ve_todo_sin_contexto_y_respalda" time="1.456" /><testcase classname="revision-r9-14f0bc5.candidato.servidor.ensayos_b3.test_ensayo_rls" name="test_por_que_no_force_rls" time="0.909" /><testcase classname="revision-r9-14f0bc5.candidato.servidor.ensayos_b3.test_ensayo_rls" name="test_guardian_de_catalogo_limpio" time="0.724" /><testcase classname="revision-r9-14f0bc5.candidato.servidor.ensayos_b3.test_ensayo_rls" name="test_guardian_detecta_tabla_de_otro_propietario" time="1.226" /><testcase classname="revision-r9-14f0bc5.candidato.servidor.ensayos_b3.test_ensayo_rls" name="test_guardian_detecta_tabla_sin_rls_y_grant_sin_politica" time="0.629" /><testcase classname="revision-r9-14f0bc5.candidato.servidor.ensayos_b3.test_ensayo_sesiones" name="test_reproduccion_del_hallazgo_con_la_copia_congelada" time="1.318" /><testcase classname="revision-r9-14f0bc5.candidato.servidor.ensayos_b3.test_ensayo_sesiones" name="test_contrato_corregido_conserva_revocaciones" time="1.455" /><testcase classname="revision-r9-14f0bc5.candidato.servidor.ensayos_b3.test_ensayo_sesiones" name="test_vencidas_y_usuario_inactivo_no_vuelven" time="1.333" /><testcase classname="revision-r9-14f0bc5.candidato.servidor.ensayos_b3.test_ensayo_sesiones" name="test_regenerar_es_idempotente_y_nunca_agranda" time="1.207" /><testcase classname="revision-r9-14f0bc5.candidato.servidor.ensayos_b3.test_ensayo_sesiones" name="test_reproduccion_r3_02_el_ultimo_espejo_resucita_una_revocacion_posterior" time="1.294" /><testcase classname="revision-r9-14f0bc5.candidato.servidor.ensayos_b3.test_ensayo_sesiones" name="test_revertir_bloquea_sin_postgresql_y_no_usa_el_ultimo_espejo" time="3.130" /><testcase classname="revision-r9-14f0bc5.candidato.servidor.ensayos_b3.test_ensayo_sesiones" name="test_revertir_en_emergencia_cierra_todas_las_sesiones" time="3.137" /><testcase classname="revision-r9-14f0bc5.candidato.servidor.ensayos_b3.test_ensayo_sesiones" name="test_revertir_normal_usa_el_estado_final_no_el_ultimo_espejo" time="1.413" /><testcase classname="revision-r9-14f0bc5.candidato.servidor.ensayos_b3.test_ensayo_sesiones" name="test_reproduccion_r4_01_cancelar_no_impide_el_commit_tardio" time="0.555" /><testcase classname="revision-r9-14f0bc5.candidato.servidor.ensayos_b3.test_ensayo_sesiones" name="test_drenaje_termina_idle_in_transaction_y_el_commit_tardio_falla" time="1.064" /><testcase classname="revision-r9-14f0bc5.candidato.servidor.ensayos_b3.test_ensayo_sesiones" name="test_drenaje_termina_una_consulta_activa" time="1.236" /><testcase classname="revision-r9-14f0bc5.candidato.servidor.ensayos_b3.test_ensayo_sesiones" name="test_drenaje_cierra_la_entrada_a_nuevos_escritores" time="0.580" /><testcase classname="revision-r9-14f0bc5.candidato.servidor.ensayos_b3.test_ensayo_sesiones" name="test_drenaje_espera_a_una_transaccion_que_confirma_a_tiempo" time="0.756" /><testcase classname="revision-r9-14f0bc5.candidato.servidor.ensayos_b3.test_ensayo_sesiones" name="test_revertir_se_bloquea_si_el_drenaje_no_puede_completarse" time="1.214" /><testcase classname="revision-r9-14f0bc5.candidato.servidor.ensayos_b3.test_ensayo_sesiones" name="test_reproduccion_r4_01b_idle_preexistente_podia_escribir_despues" time="0.589" /><testcase classname="revision-r9-14f0bc5.candidato.servidor.ensayos_b3.test_ensayo_sesiones" name="test_drenaje_termina_tambien_las_sesiones_idle" time="0.781" /><testcase classname="revision-r9-14f0bc5.candidato.servidor.ensayos_b3.test_ensayo_sesiones" name="test_peticion_admitida_antes_de_la_barrera_que_empieza_su_sql_despues" time="0.644" /><testcase classname="revision-r9-14f0bc5.candidato.servidor.ensayos_b3.test_ensayo_sesiones" name="test_drenaje_no_toca_otros_roles" time="0.671" /><testcase classname="revision-r9-14f0bc5.candidato.servidor.ensayos_b3.test_ensayo_sesiones" name="test_drenaje_no_toca_sesiones_de_lumin_app_en_otras_bases" time="1.327" /></testsuite></testsuites>